<?xml version="1.0" encoding="UTF-8"?>
<!-- Generated by org.testng.reporters.JUnitReportReporter -->
<testsuite hostname="LAPTOP-IKS9SD1L" failures="0" tests="2" name="TestNGPrograms.AnnotationTest" time="10.565" errors="0" timestamp="2024-02-11T11:16:27 IST" skipped="0">
  <testcase classname="TestNGPrograms.AnnotationTest" name="StartInsta" time="4.480"/>
  <system-out/>
  <testcase classname="TestNGPrograms.AnnotationTest" name="StartFB" time="6.085"/>
  <system-out/>
</testsuite> <!-- TestNGPrograms.AnnotationTest -->
