<?xml version="1.0" encoding="UTF-8"?>
<!-- Generated by org.testng.reporters.JUnitReportReporter -->
<testsuite hostname="LAPTOP-IKS9SD1L" failures="0" tests="3" name="TestNGPrograms.LaunchBrowserTest" time="31.456" errors="0" timestamp="2024-02-13T21:23:38 IST" skipped="0">
  <testcase classname="TestNGPrograms.LaunchBrowserTest" name="Firefox" time="11.398"/>
  <system-out/>
  <testcase classname="TestNGPrograms.LaunchBrowserTest" name="Edge" time="12.141"/>
  <system-out/>
  <testcase classname="TestNGPrograms.LaunchBrowserTest" name="Chrome" time="7.917"/>
  <system-out/>
</testsuite> <!-- TestNGPrograms.LaunchBrowserTest -->
